app/build/intermediates/manifest_merge_blame_file/debug/manifest-merger-blame-debug-report.txt
1<?xml version="1.0" encoding="utf-8"?>
2<manifest xmlns:android="http://schemas.android.com/apk/res/android"
3    package="com.example.labaandroid"
4    android:versionCode="1"
5    android:versionName="1.0" >
6
7    <uses-sdk
8        android:minSdkVersion="19"
8-->src/main/AndroidManifest.xml
9        android:targetSdkVersion="29" />
9-->src/main/AndroidManifest.xml
10
11    <uses-permission android:name="android.permission.INTERNET" />
11-->[com.firebaseui:firebase-ui:0.6.2] AndroidManifest.xml:11:5-67
11-->[com.firebaseui:firebase-ui:0.6.2] AndroidManifest.xml:11:22-64
12    <uses-permission android:name="android.permission.ACCESS_NETWORK_STATE" />
12-->[com.firebaseui:firebase-ui-auth:4.3.1] AndroidManifest.xml:12:5-79
12-->[com.firebaseui:firebase-ui-auth:4.3.1] AndroidManifest.xml:12:22-76
13    <uses-permission android:name="android.permission.WAKE_LOCK" /> <!-- Required by older versions of Google Play services to create IID tokens -->
13-->[com.google.android.gms:play-services-measurement-api:17.3.0] AndroidManifest.xml:24:5-68
13-->[com.google.android.gms:play-services-measurement-api:17.3.0] AndroidManifest.xml:24:22-65
14    <uses-permission android:name="com.google.android.c2dm.permission.RECEIVE" />
14-->[com.google.firebase:firebase-iid:20.0.2] AndroidManifest.xml:26:5-82
14-->[com.google.firebase:firebase-iid:20.0.2] AndroidManifest.xml:26:22-79
15    <uses-permission android:name="com.google.android.finsky.permission.BIND_GET_INSTALL_REFERRER_SERVICE" />
15-->[com.google.android.gms:play-services-measurement:17.3.0] AndroidManifest.xml:26:5-110
15-->[com.google.android.gms:play-services-measurement:17.3.0] AndroidManifest.xml:26:22-107
16
17    <application
17-->src/main/AndroidManifest.xml:5:5-19:19
18        android:allowBackup="true"
18-->src/main/AndroidManifest.xml:6:9-35
19        android:appComponentFactory="androidx.core.app.CoreComponentFactory"
19-->[androidx.core:core:1.1.0] AndroidManifest.xml:24:18-86
20        android:debuggable="true"
21        android:icon="@mipmap/ic_launcher"
21-->src/main/AndroidManifest.xml:7:9-43
22        android:label="LabaAndroid"
22-->src/main/AndroidManifest.xml:8:9-36
23        android:roundIcon="@mipmap/ic_launcher_round"
23-->src/main/AndroidManifest.xml:9:9-54
24        android:supportsRtl="true"
24-->src/main/AndroidManifest.xml:10:9-35
25        android:theme="@style/Theme.AppCompat" >
25-->src/main/AndroidManifest.xml:11:9-47
26        <activity android:name="com.example.labaandroid.MainActivity" >
26-->src/main/AndroidManifest.xml:12:9-18:20
26-->src/main/AndroidManifest.xml:12:19-47
27            <intent-filter>
27-->src/main/AndroidManifest.xml:13:13-17:29
28                <action android:name="android.intent.action.MAIN" />
28-->src/main/AndroidManifest.xml:14:17-69
28-->src/main/AndroidManifest.xml:14:25-66
29
30                <category android:name="android.intent.category.LAUNCHER" />
30-->src/main/AndroidManifest.xml:16:17-77
30-->src/main/AndroidManifest.xml:16:27-74
31            </intent-filter>
32        </activity>
33
34        <meta-data
34-->[com.firebaseui:firebase-ui-auth:4.3.1] AndroidManifest.xml:16:9-18:69
35            android:name="com.google.android.gms.version"
35-->[com.firebaseui:firebase-ui-auth:4.3.1] AndroidManifest.xml:17:13-58
36            android:value="@integer/google_play_services_version" />
36-->[com.firebaseui:firebase-ui-auth:4.3.1] AndroidManifest.xml:18:13-66
37        <meta-data
37-->[com.firebaseui:firebase-ui-auth:4.3.1] AndroidManifest.xml:19:9-21:63
38            android:name="com.facebook.sdk.ApplicationId"
38-->[com.firebaseui:firebase-ui-auth:4.3.1] AndroidManifest.xml:20:13-58
39            android:value="@string/facebook_application_id" />
39-->[com.firebaseui:firebase-ui-auth:4.3.1] AndroidManifest.xml:21:13-60
40
41        <activity
41-->[com.firebaseui:firebase-ui-auth:4.3.1] AndroidManifest.xml:23:9-27:61
42            android:name="com.firebase.ui.auth.KickoffActivity"
42-->[com.firebaseui:firebase-ui-auth:4.3.1] AndroidManifest.xml:24:13-64
43            android:exported="false"
43-->[com.firebaseui:firebase-ui-auth:4.3.1] AndroidManifest.xml:25:13-37
44            android:label=""
44-->[com.firebaseui:firebase-ui-auth:4.3.1] AndroidManifest.xml:26:13-29
45            android:theme="@style/FirebaseUI.Transparent" />
45-->[com.firebaseui:firebase-ui-auth:4.3.1] AndroidManifest.xml:27:13-58
46        <activity
46-->[com.firebaseui:firebase-ui-auth:4.3.1] AndroidManifest.xml:28:9-32:61
47            android:name="com.firebase.ui.auth.ui.idp.SingleSignInActivity"
47-->[com.firebaseui:firebase-ui-auth:4.3.1] AndroidManifest.xml:29:13-76
48            android:exported="false"
48-->[com.firebaseui:firebase-ui-auth:4.3.1] AndroidManifest.xml:30:13-37
49            android:label=""
49-->[com.firebaseui:firebase-ui-auth:4.3.1] AndroidManifest.xml:31:13-29
50            android:theme="@style/FirebaseUI.Transparent" />
50-->[com.firebaseui:firebase-ui-auth:4.3.1] AndroidManifest.xml:32:13-58
51        <activity
51-->[com.firebaseui:firebase-ui-auth:4.3.1] AndroidManifest.xml:33:9-37:61
52            android:name="com.firebase.ui.auth.ui.credentials.CredentialSaveActivity"
52-->[com.firebaseui:firebase-ui-auth:4.3.1] AndroidManifest.xml:34:13-86
53            android:exported="false"
53-->[com.firebaseui:firebase-ui-auth:4.3.1] AndroidManifest.xml:35:13-37
54            android:label=""
54-->[com.firebaseui:firebase-ui-auth:4.3.1] AndroidManifest.xml:36:13-29
55            android:theme="@style/FirebaseUI.Transparent" />
55-->[com.firebaseui:firebase-ui-auth:4.3.1] AndroidManifest.xml:37:13-58
56        <activity
56-->[com.firebaseui:firebase-ui-auth:4.3.1] AndroidManifest.xml:38:9-42:58
57            android:name="com.firebase.ui.auth.ui.email.RecoverPasswordActivity"
57-->[com.firebaseui:firebase-ui-auth:4.3.1] AndroidManifest.xml:39:13-81
58            android:exported="false"
58-->[com.firebaseui:firebase-ui-auth:4.3.1] AndroidManifest.xml:40:13-37
59            android:label="@string/fui_title_recover_password_activity"
59-->[com.firebaseui:firebase-ui-auth:4.3.1] AndroidManifest.xml:41:13-72
60            android:windowSoftInputMode="adjustResize" />
60-->[com.firebaseui:firebase-ui-auth:4.3.1] AndroidManifest.xml:42:13-55
61        <activity
61-->[com.firebaseui:firebase-ui-auth:4.3.1] AndroidManifest.xml:43:9-47:58
62            android:name="com.firebase.ui.auth.ui.email.EmailActivity"
62-->[com.firebaseui:firebase-ui-auth:4.3.1] AndroidManifest.xml:44:13-71
63            android:exported="false"
63-->[com.firebaseui:firebase-ui-auth:4.3.1] AndroidManifest.xml:45:13-37
64            android:label="@string/fui_sign_in_default"
64-->[com.firebaseui:firebase-ui-auth:4.3.1] AndroidManifest.xml:46:13-56
65            android:windowSoftInputMode="adjustResize" />
65-->[com.firebaseui:firebase-ui-auth:4.3.1] AndroidManifest.xml:47:13-55
66        <activity
66-->[com.firebaseui:firebase-ui-auth:4.3.1] AndroidManifest.xml:48:9-52:77
67            android:name="com.firebase.ui.auth.ui.phone.PhoneActivity"
67-->[com.firebaseui:firebase-ui-auth:4.3.1] AndroidManifest.xml:49:13-71
68            android:exported="false"
68-->[com.firebaseui:firebase-ui-auth:4.3.1] AndroidManifest.xml:50:13-37
69            android:label="@string/fui_sign_in_with_phone_number"
69-->[com.firebaseui:firebase-ui-auth:4.3.1] AndroidManifest.xml:51:13-66
70            android:windowSoftInputMode="adjustResize|stateAlwaysVisible" />
70-->[com.firebaseui:firebase-ui-auth:4.3.1] AndroidManifest.xml:52:13-74
71        <activity
71-->[com.firebaseui:firebase-ui-auth:4.3.1] AndroidManifest.xml:53:9-57:58
72            android:name="com.firebase.ui.auth.ui.idp.WelcomeBackIdpPrompt"
72-->[com.firebaseui:firebase-ui-auth:4.3.1] AndroidManifest.xml:54:13-76
73            android:exported="false"
73-->[com.firebaseui:firebase-ui-auth:4.3.1] AndroidManifest.xml:55:13-37
74            android:label="@string/fui_title_welcome_back_idp_prompt"
74-->[com.firebaseui:firebase-ui-auth:4.3.1] AndroidManifest.xml:56:13-70
75            android:windowSoftInputMode="adjustResize" />
75-->[com.firebaseui:firebase-ui-auth:4.3.1] AndroidManifest.xml:57:13-55
76        <activity
76-->[com.firebaseui:firebase-ui-auth:4.3.1] AndroidManifest.xml:58:9-62:58
77            android:name="com.firebase.ui.auth.ui.email.WelcomeBackPasswordPrompt"
77-->[com.firebaseui:firebase-ui-auth:4.3.1] AndroidManifest.xml:59:13-83
78            android:exported="false"
78-->[com.firebaseui:firebase-ui-auth:4.3.1] AndroidManifest.xml:60:13-37
79            android:label="@string/fui_title_welcome_back_password_prompt"
79-->[com.firebaseui:firebase-ui-auth:4.3.1] AndroidManifest.xml:61:13-75
80            android:windowSoftInputMode="adjustResize" />
80-->[com.firebaseui:firebase-ui-auth:4.3.1] AndroidManifest.xml:62:13-55
81        <activity
81-->[com.firebaseui:firebase-ui-auth:4.3.1] AndroidManifest.xml:63:9-67:58
82            android:name="com.firebase.ui.auth.ui.email.WelcomeBackEmailLinkPrompt"
82-->[com.firebaseui:firebase-ui-auth:4.3.1] AndroidManifest.xml:64:13-84
83            android:exported="false"
83-->[com.firebaseui:firebase-ui-auth:4.3.1] AndroidManifest.xml:65:13-37
84            android:label="@string/fui_title_welcome_back_password_prompt"
84-->[com.firebaseui:firebase-ui-auth:4.3.1] AndroidManifest.xml:66:13-75
85            android:windowSoftInputMode="adjustResize" />
85-->[com.firebaseui:firebase-ui-auth:4.3.1] AndroidManifest.xml:67:13-55
86        <activity
86-->[com.firebaseui:firebase-ui-auth:4.3.1] AndroidManifest.xml:68:9-73:58
87            android:name="com.firebase.ui.auth.ui.email.EmailLinkCatcherActivity"
87-->[com.firebaseui:firebase-ui-auth:4.3.1] AndroidManifest.xml:69:13-82
88            android:exported="false"
88-->[com.firebaseui:firebase-ui-auth:4.3.1] AndroidManifest.xml:70:13-37
89            android:label=""
89-->[com.firebaseui:firebase-ui-auth:4.3.1] AndroidManifest.xml:71:13-29
90            android:theme="@style/FirebaseUI.Transparent"
90-->[com.firebaseui:firebase-ui-auth:4.3.1] AndroidManifest.xml:72:13-58
91            android:windowSoftInputMode="adjustResize" />
91-->[com.firebaseui:firebase-ui-auth:4.3.1] AndroidManifest.xml:73:13-55
92        <activity
92-->[com.firebaseui:firebase-ui-auth:4.3.1] AndroidManifest.xml:74:9-78:58
93            android:name="com.firebase.ui.auth.ui.email.EmailLinkErrorRecoveryActivity"
93-->[com.firebaseui:firebase-ui-auth:4.3.1] AndroidManifest.xml:75:13-88
94            android:exported="false"
94-->[com.firebaseui:firebase-ui-auth:4.3.1] AndroidManifest.xml:76:13-37
95            android:label="@string/fui_sign_in_default"
95-->[com.firebaseui:firebase-ui-auth:4.3.1] AndroidManifest.xml:77:13-56
96            android:windowSoftInputMode="adjustResize" />
96-->[com.firebaseui:firebase-ui-auth:4.3.1] AndroidManifest.xml:78:13-55
97        <activity
97-->[com.firebaseui:firebase-ui-auth:4.3.1] AndroidManifest.xml:79:9-82:65
98            android:name="com.firebase.ui.auth.ui.idp.AuthMethodPickerActivity"
98-->[com.firebaseui:firebase-ui-auth:4.3.1] AndroidManifest.xml:80:13-80
99            android:exported="false"
99-->[com.firebaseui:firebase-ui-auth:4.3.1] AndroidManifest.xml:81:13-37
100            android:label="@string/fui_default_toolbar_title" />
100-->[com.firebaseui:firebase-ui-auth:4.3.1] AndroidManifest.xml:82:13-62
101        <activity
101-->[com.firebaseui:firebase-ui-auth:4.3.1] AndroidManifest.xml:83:9-87:48
102            android:name="com.facebook.FacebookActivity"
102-->[com.firebaseui:firebase-ui-auth:4.3.1] AndroidManifest.xml:84:13-57
103            android:configChanges="keyboard|keyboardHidden|screenLayout|screenSize|orientation"
103-->[com.firebaseui:firebase-ui-auth:4.3.1] AndroidManifest.xml:85:13-96
104            android:label="@string/app_name" />
104-->[com.firebaseui:firebase-ui-auth:4.3.1] AndroidManifest.xml:86:13-45
105        <activity
105-->[com.firebaseui:firebase-ui-auth:4.3.1] AndroidManifest.xml:88:9-100:20
106            android:name="com.facebook.CustomTabActivity"
106-->[com.firebaseui:firebase-ui-auth:4.3.1] AndroidManifest.xml:89:13-58
107            android:exported="true" >
107-->[com.firebaseui:firebase-ui-auth:4.3.1] AndroidManifest.xml:90:13-36
108            <intent-filter>
108-->[com.firebaseui:firebase-ui-auth:4.3.1] AndroidManifest.xml:92:13-99:29
109                <action android:name="android.intent.action.VIEW" />
109-->[com.firebaseui:firebase-ui-auth:4.3.1] AndroidManifest.xml:93:17-69
109-->[com.firebaseui:firebase-ui-auth:4.3.1] AndroidManifest.xml:93:25-66
110
111                <category android:name="android.intent.category.DEFAULT" />
111-->[com.firebaseui:firebase-ui-auth:4.3.1] AndroidManifest.xml:95:17-76
111-->[com.firebaseui:firebase-ui-auth:4.3.1] AndroidManifest.xml:95:27-73
112                <category android:name="android.intent.category.BROWSABLE" />
112-->[com.firebaseui:firebase-ui-auth:4.3.1] AndroidManifest.xml:96:17-78
112-->[com.firebaseui:firebase-ui-auth:4.3.1] AndroidManifest.xml:96:27-75
113
114                <data android:scheme="@string/facebook_login_protocol_scheme" />
114-->[com.firebaseui:firebase-ui-auth:4.3.1] AndroidManifest.xml:98:17-81
114-->[com.firebaseui:firebase-ui-auth:4.3.1] AndroidManifest.xml:98:23-78
115            </intent-filter>
116        </activity>
117
118        <provider
118-->[com.firebaseui:firebase-ui-auth:4.3.1] AndroidManifest.xml:102:9-106:38
119            android:name="com.firebase.ui.auth.data.client.AuthUiInitProvider"
119-->[com.firebaseui:firebase-ui-auth:4.3.1] AndroidManifest.xml:103:13-79
120            android:authorities="com.example.labaandroid.authuiinitprovider"
120-->[com.firebaseui:firebase-ui-auth:4.3.1] AndroidManifest.xml:104:13-70
121            android:exported="false"
121-->[com.firebaseui:firebase-ui-auth:4.3.1] AndroidManifest.xml:105:13-37
122            android:initOrder="90" />
122-->[com.firebaseui:firebase-ui-auth:4.3.1] AndroidManifest.xml:106:13-35
123
124        <activity
124-->[com.google.firebase:firebase-auth:19.3.0] AndroidManifest.xml:24:9-31:50
125            android:name="com.google.firebase.auth.internal.FederatedSignInActivity"
125-->[com.google.firebase:firebase-auth:19.3.0] AndroidManifest.xml:25:13-85
126            android:excludeFromRecents="true"
126-->[com.google.firebase:firebase-auth:19.3.0] AndroidManifest.xml:26:13-46
127            android:exported="true"
127-->[com.google.firebase:firebase-auth:19.3.0] AndroidManifest.xml:27:13-36
128            android:launchMode="singleTask"
128-->[com.google.firebase:firebase-auth:19.3.0] AndroidManifest.xml:28:13-44
129            android:permission="com.google.firebase.auth.api.gms.permission.LAUNCH_FEDERATED_SIGN_IN"
129-->[com.google.firebase:firebase-auth:19.3.0] AndroidManifest.xml:29:13-102
130            android:theme="@android:style/Theme.Translucent.NoTitleBar" />
130-->[com.google.firebase:firebase-auth:19.3.0] AndroidManifest.xml:30:13-72
131
132        <service
132-->[com.google.firebase:firebase-auth:19.3.0] AndroidManifest.xml:33:9-39:19
133            android:name="com.google.firebase.components.ComponentDiscoveryService"
133-->[com.google.firebase:firebase-auth:19.3.0] AndroidManifest.xml:34:13-84
134            android:directBootAware="true"
134-->[com.google.firebase:firebase-common:19.3.0] AndroidManifest.xml:34:13-43
135            android:exported="false" >
135-->[com.google.firebase:firebase-auth:19.3.0] AndroidManifest.xml:35:13-37
136            <meta-data
136-->[com.google.firebase:firebase-auth:19.3.0] AndroidManifest.xml:36:13-38:85
137                android:name="com.google.firebase.components:com.google.firebase.auth.FirebaseAuthRegistrar"
137-->[com.google.firebase:firebase-auth:19.3.0] AndroidManifest.xml:37:17-109
138                android:value="com.google.firebase.components.ComponentRegistrar" />
138-->[com.google.firebase:firebase-auth:19.3.0] AndroidManifest.xml:38:17-82
139            <meta-data
139-->[com.google.firebase:firebase-database:19.2.1] AndroidManifest.xml:32:13-34:85
140                android:name="com.google.firebase.components:com.google.firebase.database.DatabaseRegistrar"
140-->[com.google.firebase:firebase-database:19.2.1] AndroidManifest.xml:33:17-109
141                android:value="com.google.firebase.components.ComponentRegistrar" />
141-->[com.google.firebase:firebase-database:19.2.1] AndroidManifest.xml:34:17-82
142            <meta-data
142-->[com.google.android.gms:play-services-measurement-api:17.3.0] AndroidManifest.xml:30:13-32:85
143                android:name="com.google.firebase.components:com.google.firebase.analytics.connector.internal.AnalyticsConnectorRegistrar"
143-->[com.google.android.gms:play-services-measurement-api:17.3.0] AndroidManifest.xml:31:17-139
144                android:value="com.google.firebase.components.ComponentRegistrar" />
144-->[com.google.android.gms:play-services-measurement-api:17.3.0] AndroidManifest.xml:32:17-82
145            <meta-data
145-->[com.google.firebase:firebase-iid:20.0.2] AndroidManifest.xml:32:13-34:85
146                android:name="com.google.firebase.components:com.google.firebase.iid.Registrar"
146-->[com.google.firebase:firebase-iid:20.0.2] AndroidManifest.xml:33:17-96
147                android:value="com.google.firebase.components.ComponentRegistrar" />
147-->[com.google.firebase:firebase-iid:20.0.2] AndroidManifest.xml:34:17-82
148        </service>
149
150        <activity
150-->[com.google.android.gms:play-services-auth:17.0.0] AndroidManifest.xml:23:9-27:75
151            android:name="com.google.android.gms.auth.api.signin.internal.SignInHubActivity"
151-->[com.google.android.gms:play-services-auth:17.0.0] AndroidManifest.xml:24:13-93
152            android:excludeFromRecents="true"
152-->[com.google.android.gms:play-services-auth:17.0.0] AndroidManifest.xml:25:13-46
153            android:exported="false"
153-->[com.google.android.gms:play-services-auth:17.0.0] AndroidManifest.xml:26:13-37
154            android:theme="@android:style/Theme.Translucent.NoTitleBar" />
154-->[com.google.android.gms:play-services-auth:17.0.0] AndroidManifest.xml:27:13-72
155        <!--
156            Service handling Google Sign-In user revocation. For apps that do not integrate with
157            Google Sign-In, this service will never be started.
158        -->
159        <service
159-->[com.google.android.gms:play-services-auth:17.0.0] AndroidManifest.xml:33:9-36:110
160            android:name="com.google.android.gms.auth.api.signin.RevocationBoundService"
160-->[com.google.android.gms:play-services-auth:17.0.0] AndroidManifest.xml:34:13-89
161            android:exported="true"
161-->[com.google.android.gms:play-services-auth:17.0.0] AndroidManifest.xml:35:13-36
162            android:permission="com.google.android.gms.auth.api.signin.permission.REVOCATION_NOTIFICATION" />
162-->[com.google.android.gms:play-services-auth:17.0.0] AndroidManifest.xml:36:13-107
163
164        <receiver
164-->[com.google.firebase:firebase-iid:20.0.2] AndroidManifest.xml:37:9-44:20
165            android:name="com.google.firebase.iid.FirebaseInstanceIdReceiver"
165-->[com.google.firebase:firebase-iid:20.0.2] AndroidManifest.xml:38:13-78
166            android:exported="true"
166-->[com.google.firebase:firebase-iid:20.0.2] AndroidManifest.xml:39:13-36
167            android:permission="com.google.android.c2dm.permission.SEND" >
167-->[com.google.firebase:firebase-iid:20.0.2] AndroidManifest.xml:40:13-73
168            <intent-filter>
168-->[com.google.firebase:firebase-iid:20.0.2] AndroidManifest.xml:41:13-43:29
169                <action android:name="com.google.android.c2dm.intent.RECEIVE" />
169-->[com.google.firebase:firebase-iid:20.0.2] AndroidManifest.xml:42:17-81
169-->[com.google.firebase:firebase-iid:20.0.2] AndroidManifest.xml:42:25-78
170            </intent-filter>
171        </receiver>
172
173        <activity
173-->[com.google.android.gms:play-services-base:17.1.0] AndroidManifest.xml:23:9-26:75
174            android:name="com.google.android.gms.common.api.GoogleApiActivity"
174-->[com.google.android.gms:play-services-base:17.1.0] AndroidManifest.xml:24:13-79
175            android:exported="false"
175-->[com.google.android.gms:play-services-base:17.1.0] AndroidManifest.xml:25:13-37
176            android:theme="@android:style/Theme.Translucent.NoTitleBar" />
176-->[com.google.android.gms:play-services-base:17.1.0] AndroidManifest.xml:26:13-72
177
178        <receiver
178-->[com.google.android.gms:play-services-measurement:17.3.0] AndroidManifest.xml:29:9-33:20
179            android:name="com.google.android.gms.measurement.AppMeasurementReceiver"
179-->[com.google.android.gms:play-services-measurement:17.3.0] AndroidManifest.xml:30:13-85
180            android:enabled="true"
180-->[com.google.android.gms:play-services-measurement:17.3.0] AndroidManifest.xml:31:13-35
181            android:exported="false" >
181-->[com.google.android.gms:play-services-measurement:17.3.0] AndroidManifest.xml:32:13-37
182        </receiver>
183        <receiver
183-->[com.google.android.gms:play-services-measurement:17.3.0] AndroidManifest.xml:34:9-42:20
184            android:name="com.google.android.gms.measurement.AppMeasurementInstallReferrerReceiver"
184-->[com.google.android.gms:play-services-measurement:17.3.0] AndroidManifest.xml:35:13-100
185            android:enabled="true"
185-->[com.google.android.gms:play-services-measurement:17.3.0] AndroidManifest.xml:36:13-35
186            android:exported="true"
186-->[com.google.android.gms:play-services-measurement:17.3.0] AndroidManifest.xml:37:13-36
187            android:permission="android.permission.INSTALL_PACKAGES" >
187-->[com.google.android.gms:play-services-measurement:17.3.0] AndroidManifest.xml:38:13-69
188            <intent-filter>
188-->[com.google.android.gms:play-services-measurement:17.3.0] AndroidManifest.xml:39:13-41:29
189                <action android:name="com.android.vending.INSTALL_REFERRER" />
189-->[com.google.android.gms:play-services-measurement:17.3.0] AndroidManifest.xml:40:17-79
189-->[com.google.android.gms:play-services-measurement:17.3.0] AndroidManifest.xml:40:25-76
190            </intent-filter>
191        </receiver>
192
193        <service
193-->[com.google.android.gms:play-services-measurement:17.3.0] AndroidManifest.xml:44:9-47:40
194            android:name="com.google.android.gms.measurement.AppMeasurementService"
194-->[com.google.android.gms:play-services-measurement:17.3.0] AndroidManifest.xml:45:13-84
195            android:enabled="true"
195-->[com.google.android.gms:play-services-measurement:17.3.0] AndroidManifest.xml:46:13-35
196            android:exported="false" />
196-->[com.google.android.gms:play-services-measurement:17.3.0] AndroidManifest.xml:47:13-37
197        <service
197-->[com.google.android.gms:play-services-measurement:17.3.0] AndroidManifest.xml:48:9-52:72
198            android:name="com.google.android.gms.measurement.AppMeasurementJobService"
198-->[com.google.android.gms:play-services-measurement:17.3.0] AndroidManifest.xml:49:13-87
199            android:enabled="true"
199-->[com.google.android.gms:play-services-measurement:17.3.0] AndroidManifest.xml:50:13-35
200            android:exported="false"
200-->[com.google.android.gms:play-services-measurement:17.3.0] AndroidManifest.xml:51:13-37
201            android:permission="android.permission.BIND_JOB_SERVICE" />
201-->[com.google.android.gms:play-services-measurement:17.3.0] AndroidManifest.xml:52:13-69
202
203        <provider
203-->[com.google.firebase:firebase-common:19.3.0] AndroidManifest.xml:26:9-30:39
204            android:name="com.google.firebase.provider.FirebaseInitProvider"
204-->[com.google.firebase:firebase-common:19.3.0] AndroidManifest.xml:27:13-77
205            android:authorities="com.example.labaandroid.firebaseinitprovider"
205-->[com.google.firebase:firebase-common:19.3.0] AndroidManifest.xml:28:13-72
206            android:exported="false"
206-->[com.google.firebase:firebase-common:19.3.0] AndroidManifest.xml:29:13-37
207            android:initOrder="100" />
207-->[com.google.firebase:firebase-common:19.3.0] AndroidManifest.xml:30:13-36
208        <provider
208-->[androidx.lifecycle:lifecycle-process:2.0.0] AndroidManifest.xml:23:9-27:43
209            android:name="androidx.lifecycle.ProcessLifecycleOwnerInitializer"
209-->[androidx.lifecycle:lifecycle-process:2.0.0] AndroidManifest.xml:24:13-79
210            android:authorities="com.example.labaandroid.lifecycle-process"
210-->[androidx.lifecycle:lifecycle-process:2.0.0] AndroidManifest.xml:25:13-69
211            android:exported="false"
211-->[androidx.lifecycle:lifecycle-process:2.0.0] AndroidManifest.xml:26:13-37
212            android:multiprocess="true" />
212-->[androidx.lifecycle:lifecycle-process:2.0.0] AndroidManifest.xml:27:13-40
213    </application>
214
215</manifest>